<?xml version="1.0" encoding="UTF-8"?>
<testsuite name="Utest" tests="1" skipped="0" failures="0" errors="0" timestamp="2021-10-25T06:21:17" hostname="DESKTOP-UF8BEKV" time="56.603">
  <properties/>
  <testcase name="Look for the Join Today button" classname="Utest" time="56.603"/>
  <system-out><![CDATA[]]></system-out>
  <system-err><![CDATA[[Test worker] WARN net.thucydides.core.steps.BaseStepListener - stepStarted: net.thucydides.core.steps.ExecutedStepDescription@581b310e
[Test worker] WARN net.thucydides.core.steps.BaseStepListener - stepStarted: net.thucydides.core.steps.ExecutedStepDescription@520e317b
[Test worker] WARN net.thucydides.core.steps.BaseStepListener - stepStarted: net.thucydides.core.steps.ExecutedStepDescription@f3af17b
oct. 25, 2021 1:21:18 A. M. org.openqa.selenium.remote.DesiredCapabilities chrome
INFO: Using `new ChromeOptions()` is preferred to `DesiredCapabilities.chrome()`
[Test worker] INFO net.serenitybdd.core.webdriver.driverproviders.ProvideNewDriver - Instantiating driver
[Test worker] INFO net.serenitybdd.core.webdriver.driverproviders.ProvideNewDriver - Driver capabilities: Capabilities {acceptInsecureCerts: false, browserName: chrome, chrome.switches: --start-maximized, goog:chromeOptions: {args: [--start-maximized], extensions: []}, loggingPrefs: org.openqa.selenium.logging..., platform: ANY, version: }
Starting ChromeDriver 95.0.4638.17 (a9d0719444d4b035e284ed1fce73bf6ccd789df2-refs/branch-heads/4638@{#178}) on port 35345
Only local connections are allowed.
Please see https://chromedriver.chromium.org/security-considerations for suggestions on keeping ChromeDriver safe.
ChromeDriver was started successfully.
oct. 25, 2021 1:21:21 A. M. org.openqa.selenium.remote.ProtocolHandshake createSession
INFO: Detected dialect: W3C
[Test worker] WARN net.thucydides.core.steps.BaseStepListener - stepFinished: current outcome:Look for the Join Today button:Example: {strName=Joan, strLastName=Gutierrez, strEmail=joan.alexis.10@gmail.com, month=June, day=12, year=1997, city=Cúcuta, postalCode=57001, country=Colombia, yourComputer=Windows, computerVersion=10, languaje=Spanish, yourMobile=Alcatel, modelMobile=MD01, operatingSystem=Android 2.0, password=Alexis0612*, confirmPassowrd=Alexis0612*} [Given The user clicks and to start the registration
| strName | strLastName | strEmail | month | day | year | city | postalCode | country |
| Joan | Gutierrez | joan.alexis.10@gmail.com | June | 12 | 1997 | Cúcuta | 57001 | Colombia | [Usuario open up [usuario opens the Utest page]]]
[Test worker] WARN net.thucydides.core.steps.BaseStepListener - stepFinished: current outcome:Look for the Join Today button:Example: {strName=Joan, strLastName=Gutierrez, strEmail=joan.alexis.10@gmail.com, month=June, day=12, year=1997, city=Cúcuta, postalCode=57001, country=Colombia, yourComputer=Windows, computerVersion=10, languaje=Spanish, yourMobile=Alcatel, modelMobile=MD01, operatingSystem=Android 2.0, password=Alexis0612*, confirmPassowrd=Alexis0612*} [Given The user clicks and to start the registration
| strName | strLastName | strEmail | month | day | year | city | postalCode | country |
| Joan | Gutierrez | joan.alexis.10@gmail.com | June | 12 | 1997 | Cúcuta | 57001 | Colombia | [Usuario open up [usuario opens the Utest page]]]
[Test worker] WARN net.thucydides.core.steps.BaseStepListener - stepStarted: net.thucydides.core.steps.ExecutedStepDescription@9d346d4
[Test worker] WARN net.thucydides.core.steps.BaseStepListener - stepStarted: net.thucydides.core.steps.ExecutedStepDescription@458a8426
[Test worker] WARN net.thucydides.core.steps.BaseStepListener - stepFinished: current outcome:Look for the Join Today button:Example: {strName=Joan, strLastName=Gutierrez, strEmail=joan.alexis.10@gmail.com, month=June, day=12, year=1997, city=Cúcuta, postalCode=57001, country=Colombia, yourComputer=Windows, computerVersion=10, languaje=Spanish, yourMobile=Alcatel, modelMobile=MD01, operatingSystem=Android 2.0, password=Alexis0612*, confirmPassowrd=Alexis0612*} [Given The user clicks and to start the registration
| strName | strLastName | strEmail | month | day | year | city | postalCode | country |
| Joan | Gutierrez | joan.alexis.10@gmail.com | June | 12 | 1997 | Cúcuta | 57001 | Colombia | [Usuario open up [usuario opens the Utest page], Usuario step1 [usuario clicks on button that us the form to login]]]
[Test worker] WARN net.thucydides.core.steps.BaseStepListener - stepStarted: net.thucydides.core.steps.ExecutedStepDescription@34a00faa
[Test worker] WARN net.thucydides.core.steps.BaseStepListener - stepFinished: current outcome:Look for the Join Today button:Example: {strName=Joan, strLastName=Gutierrez, strEmail=joan.alexis.10@gmail.com, month=June, day=12, year=1997, city=Cúcuta, postalCode=57001, country=Colombia, yourComputer=Windows, computerVersion=10, languaje=Spanish, yourMobile=Alcatel, modelMobile=MD01, operatingSystem=Android 2.0, password=Alexis0612*, confirmPassowrd=Alexis0612*} [Given The user clicks and to start the registration
| strName | strLastName | strEmail | month | day | year | city | postalCode | country |
| Joan | Gutierrez | joan.alexis.10@gmail.com | June | 12 | 1997 | Cúcuta | 57001 | Colombia | [Usuario open up [usuario opens the Utest page], Usuario step1 [usuario clicks on button that us the form to login, usuario enters 'Joan' into let's type the name]]]
[Test worker] WARN net.thucydides.core.steps.BaseStepListener - stepStarted: net.thucydides.core.steps.ExecutedStepDescription@668ad6be
[Test worker] WARN net.thucydides.core.steps.BaseStepListener - stepFinished: current outcome:Look for the Join Today button:Example: {strName=Joan, strLastName=Gutierrez, strEmail=joan.alexis.10@gmail.com, month=June, day=12, year=1997, city=Cúcuta, postalCode=57001, country=Colombia, yourComputer=Windows, computerVersion=10, languaje=Spanish, yourMobile=Alcatel, modelMobile=MD01, operatingSystem=Android 2.0, password=Alexis0612*, confirmPassowrd=Alexis0612*} [Given The user clicks and to start the registration
| strName | strLastName | strEmail | month | day | year | city | postalCode | country |
| Joan | Gutierrez | joan.alexis.10@gmail.com | June | 12 | 1997 | Cúcuta | 57001 | Colombia | [Usuario open up [usuario opens the Utest page], Usuario step1 [usuario clicks on button that us the form to login, usuario enters 'Joan' into let's type the name, usuario enters 'Gutierrez' into let's type the lastname]]]
[Test worker] WARN net.thucydides.core.steps.BaseStepListener - stepStarted: net.thucydides.core.steps.ExecutedStepDescription@3b2b4f9
[Test worker] WARN net.thucydides.core.steps.BaseStepListener - stepFinished: current outcome:Look for the Join Today button:Example: {strName=Joan, strLastName=Gutierrez, strEmail=joan.alexis.10@gmail.com, month=June, day=12, year=1997, city=Cúcuta, postalCode=57001, country=Colombia, yourComputer=Windows, computerVersion=10, languaje=Spanish, yourMobile=Alcatel, modelMobile=MD01, operatingSystem=Android 2.0, password=Alexis0612*, confirmPassowrd=Alexis0612*} [Given The user clicks and to start the registration
| strName | strLastName | strEmail | month | day | year | city | postalCode | country |
| Joan | Gutierrez | joan.alexis.10@gmail.com | June | 12 | 1997 | Cúcuta | 57001 | Colombia | [Usuario open up [usuario opens the Utest page], Usuario step1 [usuario clicks on button that us the form to login, usuario enters 'Joan' into let's type the name, usuario enters 'Gutierrez' into let's type the lastname, usuario enters 'joan.alexis.10@gmail.com' into let's type the email]]]
[Test worker] WARN net.thucydides.core.steps.BaseStepListener - stepStarted: net.thucydides.core.steps.ExecutedStepDescription@750ddec8
[Test worker] WARN net.thucydides.core.steps.BaseStepListener - stepFinished: current outcome:Look for the Join Today button:Example: {strName=Joan, strLastName=Gutierrez, strEmail=joan.alexis.10@gmail.com, month=June, day=12, year=1997, city=Cúcuta, postalCode=57001, country=Colombia, yourComputer=Windows, computerVersion=10, languaje=Spanish, yourMobile=Alcatel, modelMobile=MD01, operatingSystem=Android 2.0, password=Alexis0612*, confirmPassowrd=Alexis0612*} [Given The user clicks and to start the registration
| strName | strLastName | strEmail | month | day | year | city | postalCode | country |
| Joan | Gutierrez | joan.alexis.10@gmail.com | June | 12 | 1997 | Cúcuta | 57001 | Colombia | [Usuario open up [usuario opens the Utest page], Usuario step1 [usuario clicks on button that us the form to login, usuario enters 'Joan' into let's type the name, usuario enters 'Gutierrez' into let's type the lastname, usuario enters 'joan.alexis.10@gmail.com' into let's type the email, usuario select June on let's type a month]]]
[Test worker] WARN net.thucydides.core.steps.BaseStepListener - stepStarted: net.thucydides.core.steps.ExecutedStepDescription@21fa9214
[Test worker] WARN net.thucydides.core.steps.BaseStepListener - stepFinished: current outcome:Look for the Join Today button:Example: {strName=Joan, strLastName=Gutierrez, strEmail=joan.alexis.10@gmail.com, month=June, day=12, year=1997, city=Cúcuta, postalCode=57001, country=Colombia, yourComputer=Windows, computerVersion=10, languaje=Spanish, yourMobile=Alcatel, modelMobile=MD01, operatingSystem=Android 2.0, password=Alexis0612*, confirmPassowrd=Alexis0612*} [Given The user clicks and to start the registration
| strName | strLastName | strEmail | month | day | year | city | postalCode | country |
| Joan | Gutierrez | joan.alexis.10@gmail.com | June | 12 | 1997 | Cúcuta | 57001 | Colombia | [Usuario open up [usuario opens the Utest page], Usuario step1 [usuario clicks on button that us the form to login, usuario enters 'Joan' into let's type the name, usuario enters 'Gutierrez' into let's type the lastname, usuario enters 'joan.alexis.10@gmail.com' into let's type the email, usuario select June on let's type a month, usuario select 12 on let's type a day]]]
[Test worker] WARN net.thucydides.core.steps.BaseStepListener - stepStarted: net.thucydides.core.steps.ExecutedStepDescription@61129f02
[Test worker] WARN net.thucydides.core.steps.BaseStepListener - stepFinished: current outcome:Look for the Join Today button:Example: {strName=Joan, strLastName=Gutierrez, strEmail=joan.alexis.10@gmail.com, month=June, day=12, year=1997, city=Cúcuta, postalCode=57001, country=Colombia, yourComputer=Windows, computerVersion=10, languaje=Spanish, yourMobile=Alcatel, modelMobile=MD01, operatingSystem=Android 2.0, password=Alexis0612*, confirmPassowrd=Alexis0612*} [Given The user clicks and to start the registration
| strName | strLastName | strEmail | month | day | year | city | postalCode | country |
| Joan | Gutierrez | joan.alexis.10@gmail.com | June | 12 | 1997 | Cúcuta | 57001 | Colombia | [Usuario open up [usuario opens the Utest page], Usuario step1 [usuario clicks on button that us the form to login, usuario enters 'Joan' into let's type the name, usuario enters 'Gutierrez' into let's type the lastname, usuario enters 'joan.alexis.10@gmail.com' into let's type the email, usuario select June on let's type a month, usuario select 12 on let's type a day, usuario select 1997 on let's type a day]]]
[Test worker] WARN net.thucydides.core.steps.BaseStepListener - stepStarted: net.thucydides.core.steps.ExecutedStepDescription@6603b2b5
[Test worker] WARN net.thucydides.core.steps.BaseStepListener - stepFinished: current outcome:Look for the Join Today button:Example: {strName=Joan, strLastName=Gutierrez, strEmail=joan.alexis.10@gmail.com, month=June, day=12, year=1997, city=Cúcuta, postalCode=57001, country=Colombia, yourComputer=Windows, computerVersion=10, languaje=Spanish, yourMobile=Alcatel, modelMobile=MD01, operatingSystem=Android 2.0, password=Alexis0612*, confirmPassowrd=Alexis0612*} [Given The user clicks and to start the registration
| strName | strLastName | strEmail | month | day | year | city | postalCode | country |
| Joan | Gutierrez | joan.alexis.10@gmail.com | June | 12 | 1997 | Cúcuta | 57001 | Colombia | [Usuario open up [usuario opens the Utest page], Usuario step1 [usuario clicks on button that us the form to login, usuario enters 'Joan' into let's type the name, usuario enters 'Gutierrez' into let's type the lastname, usuario enters 'joan.alexis.10@gmail.com' into let's type the email, usuario select June on let's type a month, usuario select 12 on let's type a day, usuario select 1997 on let's type a day, usuario clicks on let's type a day]]]
[Test worker] WARN net.thucydides.core.steps.BaseStepListener - stepFinished: current outcome:Look for the Join Today button:Example: {strName=Joan, strLastName=Gutierrez, strEmail=joan.alexis.10@gmail.com, month=June, day=12, year=1997, city=Cúcuta, postalCode=57001, country=Colombia, yourComputer=Windows, computerVersion=10, languaje=Spanish, yourMobile=Alcatel, modelMobile=MD01, operatingSystem=Android 2.0, password=Alexis0612*, confirmPassowrd=Alexis0612*} [Given The user clicks and to start the registration
| strName | strLastName | strEmail | month | day | year | city | postalCode | country |
| Joan | Gutierrez | joan.alexis.10@gmail.com | June | 12 | 1997 | Cúcuta | 57001 | Colombia | [Usuario open up [usuario opens the Utest page], Usuario step1 [usuario clicks on button that us the form to login, usuario enters 'Joan' into let's type the name, usuario enters 'Gutierrez' into let's type the lastname, usuario enters 'joan.alexis.10@gmail.com' into let's type the email, usuario select June on let's type a month, usuario select 12 on let's type a day, usuario select 1997 on let's type a day, usuario clicks on let's type a day]]]
[Test worker] WARN net.thucydides.core.steps.BaseStepListener - stepStarted: net.thucydides.core.steps.ExecutedStepDescription@50549f9f
[Test worker] WARN net.thucydides.core.steps.BaseStepListener - stepStarted: net.thucydides.core.steps.ExecutedStepDescription@1b2c7aed
[Test worker] WARN net.thucydides.core.steps.BaseStepListener - stepFinished: current outcome:Look for the Join Today button:Example: {strName=Joan, strLastName=Gutierrez, strEmail=joan.alexis.10@gmail.com, month=June, day=12, year=1997, city=Cúcuta, postalCode=57001, country=Colombia, yourComputer=Windows, computerVersion=10, languaje=Spanish, yourMobile=Alcatel, modelMobile=MD01, operatingSystem=Android 2.0, password=Alexis0612*, confirmPassowrd=Alexis0612*} [Given The user clicks and to start the registration
| strName | strLastName | strEmail | month | day | year | city | postalCode | country |
| Joan | Gutierrez | joan.alexis.10@gmail.com | June | 12 | 1997 | Cúcuta | 57001 | Colombia | [Usuario open up [usuario opens the Utest page], Usuario step1 [usuario clicks on button that us the form to login, usuario enters 'Joan' into let's type the name, usuario enters 'Gutierrez' into let's type the lastname, usuario enters 'joan.alexis.10@gmail.com' into let's type the email, usuario select June on let's type a month, usuario select 12 on let's type a day, usuario select 1997 on let's type a day, usuario clicks on let's type a day], Usuario step2 [usuario enters 'Cúcuta' into let's type a city]]]
[Test worker] WARN net.thucydides.core.steps.BaseStepListener - stepStarted: net.thucydides.core.steps.ExecutedStepDescription@63028789
[Test worker] WARN net.thucydides.core.steps.BaseStepListener - stepFinished: current outcome:Look for the Join Today button:Example: {strName=Joan, strLastName=Gutierrez, strEmail=joan.alexis.10@gmail.com, month=June, day=12, year=1997, city=Cúcuta, postalCode=57001, country=Colombia, yourComputer=Windows, computerVersion=10, languaje=Spanish, yourMobile=Alcatel, modelMobile=MD01, operatingSystem=Android 2.0, password=Alexis0612*, confirmPassowrd=Alexis0612*} [Given The user clicks and to start the registration
| strName | strLastName | strEmail | month | day | year | city | postalCode | country |
| Joan | Gutierrez | joan.alexis.10@gmail.com | June | 12 | 1997 | Cúcuta | 57001 | Colombia | [Usuario open up [usuario opens the Utest page], Usuario step1 [usuario clicks on button that us the form to login, usuario enters 'Joan' into let's type the name, usuario enters 'Gutierrez' into let's type the lastname, usuario enters 'joan.alexis.10@gmail.com' into let's type the email, usuario select June on let's type a month, usuario select 12 on let's type a day, usuario select 1997 on let's type a day, usuario clicks on let's type a day], Usuario step2 [usuario enters 'Cúcuta' into let's type a city, usuario enters '57001' into let's type a postal code]]]
[Test worker] WARN net.thucydides.core.steps.BaseStepListener - stepStarted: net.thucydides.core.steps.ExecutedStepDescription@180069ca
[Test worker] WARN net.thucydides.core.steps.BaseStepListener - stepFinished: current outcome:Look for the Join Today button:Example: {strName=Joan, strLastName=Gutierrez, strEmail=joan.alexis.10@gmail.com, month=June, day=12, year=1997, city=Cúcuta, postalCode=57001, country=Colombia, yourComputer=Windows, computerVersion=10, languaje=Spanish, yourMobile=Alcatel, modelMobile=MD01, operatingSystem=Android 2.0, password=Alexis0612*, confirmPassowrd=Alexis0612*} [Given The user clicks and to start the registration
| strName | strLastName | strEmail | month | day | year | city | postalCode | country |
| Joan | Gutierrez | joan.alexis.10@gmail.com | June | 12 | 1997 | Cúcuta | 57001 | Colombia | [Usuario open up [usuario opens the Utest page], Usuario step1 [usuario clicks on button that us the form to login, usuario enters 'Joan' into let's type the name, usuario enters 'Gutierrez' into let's type the lastname, usuario enters 'joan.alexis.10@gmail.com' into let's type the email, usuario select June on let's type a month, usuario select 12 on let's type a day, usuario select 1997 on let's type a day, usuario clicks on let's type a day], Usuario step2 [usuario enters 'Cúcuta' into let's type a city, usuario enters '57001' into let's type a postal code, usuario clicks on let clikc on div]]]
[Test worker] WARN net.thucydides.core.steps.BaseStepListener - stepStarted: net.thucydides.core.steps.ExecutedStepDescription@3bf25ec5
[Test worker] WARN net.thucydides.core.steps.BaseStepListener - stepFinished: current outcome:Look for the Join Today button:Example: {strName=Joan, strLastName=Gutierrez, strEmail=joan.alexis.10@gmail.com, month=June, day=12, year=1997, city=Cúcuta, postalCode=57001, country=Colombia, yourComputer=Windows, computerVersion=10, languaje=Spanish, yourMobile=Alcatel, modelMobile=MD01, operatingSystem=Android 2.0, password=Alexis0612*, confirmPassowrd=Alexis0612*} [Given The user clicks and to start the registration
| strName | strLastName | strEmail | month | day | year | city | postalCode | country |
| Joan | Gutierrez | joan.alexis.10@gmail.com | June | 12 | 1997 | Cúcuta | 57001 | Colombia | [Usuario open up [usuario opens the Utest page], Usuario step1 [usuario clicks on button that us the form to login, usuario enters 'Joan' into let's type the name, usuario enters 'Gutierrez' into let's type the lastname, usuario enters 'joan.alexis.10@gmail.com' into let's type the email, usuario select June on let's type a month, usuario select 12 on let's type a day, usuario select 1997 on let's type a day, usuario clicks on let's type a day], Usuario step2 [usuario enters 'Cúcuta' into let's type a city, usuario enters '57001' into let's type a postal code, usuario clicks on let clikc on div, usuario clicks on let's type a country]]]
[Test worker] WARN net.thucydides.core.steps.BaseStepListener - stepStarted: net.thucydides.core.steps.ExecutedStepDescription@67430a7b
[Test worker] WARN net.thucydides.core.steps.BaseStepListener - stepFinished: current outcome:Look for the Join Today button:Example: {strName=Joan, strLastName=Gutierrez, strEmail=joan.alexis.10@gmail.com, month=June, day=12, year=1997, city=Cúcuta, postalCode=57001, country=Colombia, yourComputer=Windows, computerVersion=10, languaje=Spanish, yourMobile=Alcatel, modelMobile=MD01, operatingSystem=Android 2.0, password=Alexis0612*, confirmPassowrd=Alexis0612*} [Given The user clicks and to start the registration
| strName | strLastName | strEmail | month | day | year | city | postalCode | country |
| Joan | Gutierrez | joan.alexis.10@gmail.com | June | 12 | 1997 | Cúcuta | 57001 | Colombia | [Usuario open up [usuario opens the Utest page], Usuario step1 [usuario clicks on button that us the form to login, usuario enters 'Joan' into let's type the name, usuario enters 'Gutierrez' into let's type the lastname, usuario enters 'joan.alexis.10@gmail.com' into let's type the email, usuario select June on let's type a month, usuario select 12 on let's type a day, usuario select 1997 on let's type a day, usuario clicks on let's type a day], Usuario step2 [usuario enters 'Cúcuta' into let's type a city, usuario enters '57001' into let's type a postal code, usuario clicks on let clikc on div, usuario clicks on let's type a country, usuario clicks on let's type a day]]]
[Test worker] WARN net.thucydides.core.steps.BaseStepListener - stepFinished: current outcome:Look for the Join Today button:Example: {strName=Joan, strLastName=Gutierrez, strEmail=joan.alexis.10@gmail.com, month=June, day=12, year=1997, city=Cúcuta, postalCode=57001, country=Colombia, yourComputer=Windows, computerVersion=10, languaje=Spanish, yourMobile=Alcatel, modelMobile=MD01, operatingSystem=Android 2.0, password=Alexis0612*, confirmPassowrd=Alexis0612*} [Given The user clicks and to start the registration
| strName | strLastName | strEmail | month | day | year | city | postalCode | country |
| Joan | Gutierrez | joan.alexis.10@gmail.com | June | 12 | 1997 | Cúcuta | 57001 | Colombia | [Usuario open up [usuario opens the Utest page], Usuario step1 [usuario clicks on button that us the form to login, usuario enters 'Joan' into let's type the name, usuario enters 'Gutierrez' into let's type the lastname, usuario enters 'joan.alexis.10@gmail.com' into let's type the email, usuario select June on let's type a month, usuario select 12 on let's type a day, usuario select 1997 on let's type a day, usuario clicks on let's type a day], Usuario step2 [usuario enters 'Cúcuta' into let's type a city, usuario enters '57001' into let's type a postal code, usuario clicks on let clikc on div, usuario clicks on let's type a country, usuario clicks on let's type a day]]]
[Test worker] WARN net.thucydides.core.steps.BaseStepListener - stepFinished: current outcome:Look for the Join Today button:Example: {strName=Joan, strLastName=Gutierrez, strEmail=joan.alexis.10@gmail.com, month=June, day=12, year=1997, city=Cúcuta, postalCode=57001, country=Colombia, yourComputer=Windows, computerVersion=10, languaje=Spanish, yourMobile=Alcatel, modelMobile=MD01, operatingSystem=Android 2.0, password=Alexis0612*, confirmPassowrd=Alexis0612*} [Given The user clicks and to start the registration
| strName | strLastName | strEmail | month | day | year | city | postalCode | country |
| Joan | Gutierrez | joan.alexis.10@gmail.com | June | 12 | 1997 | Cúcuta | 57001 | Colombia | [Usuario open up [usuario opens the Utest page], Usuario step1 [usuario clicks on button that us the form to login, usuario enters 'Joan' into let's type the name, usuario enters 'Gutierrez' into let's type the lastname, usuario enters 'joan.alexis.10@gmail.com' into let's type the email, usuario select June on let's type a month, usuario select 12 on let's type a day, usuario select 1997 on let's type a day, usuario clicks on let's type a day], Usuario step2 [usuario enters 'Cúcuta' into let's type a city, usuario enters '57001' into let's type a postal code, usuario clicks on let clikc on div, usuario clicks on let's type a country, usuario clicks on let's type a day]]]
[Test worker] WARN net.thucydides.core.steps.BaseStepListener - stepStarted: net.thucydides.core.steps.ExecutedStepDescription@4a4afe05
[Test worker] WARN net.thucydides.core.steps.BaseStepListener - stepStarted: net.thucydides.core.steps.ExecutedStepDescription@294d7878
[Test worker] WARN net.thucydides.core.steps.BaseStepListener - stepStarted: net.thucydides.core.steps.ExecutedStepDescription@39b0065f
[Test worker] WARN net.thucydides.core.steps.BaseStepListener - stepFinished: current outcome:Look for the Join Today button:Example: {strName=Joan, strLastName=Gutierrez, strEmail=joan.alexis.10@gmail.com, month=June, day=12, year=1997, city=Cúcuta, postalCode=57001, country=Colombia, yourComputer=Windows, computerVersion=10, languaje=Spanish, yourMobile=Alcatel, modelMobile=MD01, operatingSystem=Android 2.0, password=Alexis0612*, confirmPassowrd=Alexis0612*} [Given The user clicks and to start the registration
| strName | strLastName | strEmail | month | day | year | city | postalCode | country |
| Joan | Gutierrez | joan.alexis.10@gmail.com | June | 12 | 1997 | Cúcuta | 57001 | Colombia | [Usuario open up [usuario opens the Utest page], Usuario step1 [usuario clicks on button that us the form to login, usuario enters 'Joan' into let's type the name, usuario enters 'Gutierrez' into let's type the lastname, usuario enters 'joan.alexis.10@gmail.com' into let's type the email, usuario select June on let's type a month, usuario select 12 on let's type a day, usuario select 1997 on let's type a day, usuario clicks on let's type a day], Usuario step2 [usuario enters 'Cúcuta' into let's type a city, usuario enters '57001' into let's type a postal code, usuario clicks on let clikc on div, usuario clicks on let's type a country, usuario clicks on let's type a day]], When Start filling in the data
| yourComputer | computerVersion | languaje | yourMobile | modelMobile | operatingSystem |
| Windows | 10 | Spanish | Alcatel | MD01 | Android 2.0 | [Usuario step3 [usuario clicks on let clikc on div]]]
[Test worker] WARN net.thucydides.core.steps.BaseStepListener - stepStarted: net.thucydides.core.steps.ExecutedStepDescription@176c2c16
[Test worker] WARN net.thucydides.core.steps.BaseStepListener - stepFinished: current outcome:Look for the Join Today button:Example: {strName=Joan, strLastName=Gutierrez, strEmail=joan.alexis.10@gmail.com, month=June, day=12, year=1997, city=Cúcuta, postalCode=57001, country=Colombia, yourComputer=Windows, computerVersion=10, languaje=Spanish, yourMobile=Alcatel, modelMobile=MD01, operatingSystem=Android 2.0, password=Alexis0612*, confirmPassowrd=Alexis0612*} [Given The user clicks and to start the registration
| strName | strLastName | strEmail | month | day | year | city | postalCode | country |
| Joan | Gutierrez | joan.alexis.10@gmail.com | June | 12 | 1997 | Cúcuta | 57001 | Colombia | [Usuario open up [usuario opens the Utest page], Usuario step1 [usuario clicks on button that us the form to login, usuario enters 'Joan' into let's type the name, usuario enters 'Gutierrez' into let's type the lastname, usuario enters 'joan.alexis.10@gmail.com' into let's type the email, usuario select June on let's type a month, usuario select 12 on let's type a day, usuario select 1997 on let's type a day, usuario clicks on let's type a day], Usuario step2 [usuario enters 'Cúcuta' into let's type a city, usuario enters '57001' into let's type a postal code, usuario clicks on let clikc on div, usuario clicks on let's type a country, usuario clicks on let's type a day]], When Start filling in the data
| yourComputer | computerVersion | languaje | yourMobile | modelMobile | operatingSystem |
| Windows | 10 | Spanish | Alcatel | MD01 | Android 2.0 | [Usuario step3 [usuario clicks on let clikc on div, usuario clicks on let's type a computer]]]
[Test worker] WARN net.thucydides.core.steps.BaseStepListener - stepStarted: net.thucydides.core.steps.ExecutedStepDescription@336d8776
[Test worker] WARN net.thucydides.core.steps.BaseStepListener - stepFinished: current outcome:Look for the Join Today button:Example: {strName=Joan, strLastName=Gutierrez, strEmail=joan.alexis.10@gmail.com, month=June, day=12, year=1997, city=Cúcuta, postalCode=57001, country=Colombia, yourComputer=Windows, computerVersion=10, languaje=Spanish, yourMobile=Alcatel, modelMobile=MD01, operatingSystem=Android 2.0, password=Alexis0612*, confirmPassowrd=Alexis0612*} [Given The user clicks and to start the registration
| strName | strLastName | strEmail | month | day | year | city | postalCode | country |
| Joan | Gutierrez | joan.alexis.10@gmail.com | June | 12 | 1997 | Cúcuta | 57001 | Colombia | [Usuario open up [usuario opens the Utest page], Usuario step1 [usuario clicks on button that us the form to login, usuario enters 'Joan' into let's type the name, usuario enters 'Gutierrez' into let's type the lastname, usuario enters 'joan.alexis.10@gmail.com' into let's type the email, usuario select June on let's type a month, usuario select 12 on let's type a day, usuario select 1997 on let's type a day, usuario clicks on let's type a day], Usuario step2 [usuario enters 'Cúcuta' into let's type a city, usuario enters '57001' into let's type a postal code, usuario clicks on let clikc on div, usuario clicks on let's type a country, usuario clicks on let's type a day]], When Start filling in the data
| yourComputer | computerVersion | languaje | yourMobile | modelMobile | operatingSystem |
| Windows | 10 | Spanish | Alcatel | MD01 | Android 2.0 | [Usuario step3 [usuario clicks on let clikc on div, usuario clicks on let's type a computer, usuario clicks on let clikc on div]]]
[Test worker] WARN net.thucydides.core.steps.BaseStepListener - stepStarted: net.thucydides.core.steps.ExecutedStepDescription@5b7ba987
[Test worker] WARN net.thucydides.core.steps.BaseStepListener - stepFinished: current outcome:Look for the Join Today button:Example: {strName=Joan, strLastName=Gutierrez, strEmail=joan.alexis.10@gmail.com, month=June, day=12, year=1997, city=Cúcuta, postalCode=57001, country=Colombia, yourComputer=Windows, computerVersion=10, languaje=Spanish, yourMobile=Alcatel, modelMobile=MD01, operatingSystem=Android 2.0, password=Alexis0612*, confirmPassowrd=Alexis0612*} [Given The user clicks and to start the registration
| strName | strLastName | strEmail | month | day | year | city | postalCode | country |
| Joan | Gutierrez | joan.alexis.10@gmail.com | June | 12 | 1997 | Cúcuta | 57001 | Colombia | [Usuario open up [usuario opens the Utest page], Usuario step1 [usuario clicks on button that us the form to login, usuario enters 'Joan' into let's type the name, usuario enters 'Gutierrez' into let's type the lastname, usuario enters 'joan.alexis.10@gmail.com' into let's type the email, usuario select June on let's type a month, usuario select 12 on let's type a day, usuario select 1997 on let's type a day, usuario clicks on let's type a day], Usuario step2 [usuario enters 'Cúcuta' into let's type a city, usuario enters '57001' into let's type a postal code, usuario clicks on let clikc on div, usuario clicks on let's type a country, usuario clicks on let's type a day]], When Start filling in the data
| yourComputer | computerVersion | languaje | yourMobile | modelMobile | operatingSystem |
| Windows | 10 | Spanish | Alcatel | MD01 | Android 2.0 | [Usuario step3 [usuario clicks on let clikc on div, usuario clicks on let's type a computer, usuario clicks on let clikc on div, usuario clicks on let's type a version]]]
[Test worker] WARN net.thucydides.core.steps.BaseStepListener - stepStarted: net.thucydides.core.steps.ExecutedStepDescription@6f27cae6
[Test worker] WARN net.thucydides.core.steps.BaseStepListener - stepFinished: current outcome:Look for the Join Today button:Example: {strName=Joan, strLastName=Gutierrez, strEmail=joan.alexis.10@gmail.com, month=June, day=12, year=1997, city=Cúcuta, postalCode=57001, country=Colombia, yourComputer=Windows, computerVersion=10, languaje=Spanish, yourMobile=Alcatel, modelMobile=MD01, operatingSystem=Android 2.0, password=Alexis0612*, confirmPassowrd=Alexis0612*} [Given The user clicks and to start the registration
| strName | strLastName | strEmail | month | day | year | city | postalCode | country |
| Joan | Gutierrez | joan.alexis.10@gmail.com | June | 12 | 1997 | Cúcuta | 57001 | Colombia | [Usuario open up [usuario opens the Utest page], Usuario step1 [usuario clicks on button that us the form to login, usuario enters 'Joan' into let's type the name, usuario enters 'Gutierrez' into let's type the lastname, usuario enters 'joan.alexis.10@gmail.com' into let's type the email, usuario select June on let's type a month, usuario select 12 on let's type a day, usuario select 1997 on let's type a day, usuario clicks on let's type a day], Usuario step2 [usuario enters 'Cúcuta' into let's type a city, usuario enters '57001' into let's type a postal code, usuario clicks on let clikc on div, usuario clicks on let's type a country, usuario clicks on let's type a day]], When Start filling in the data
| yourComputer | computerVersion | languaje | yourMobile | modelMobile | operatingSystem |
| Windows | 10 | Spanish | Alcatel | MD01 | Android 2.0 | [Usuario step3 [usuario clicks on let clikc on div, usuario clicks on let's type a computer, usuario clicks on let clikc on div, usuario clicks on let's type a version, usuario clicks on let clikc on div]]]
[Test worker] WARN net.thucydides.core.steps.BaseStepListener - stepStarted: net.thucydides.core.steps.ExecutedStepDescription@4a77367d
[Test worker] WARN net.thucydides.core.steps.BaseStepListener - stepFinished: current outcome:Look for the Join Today button:Example: {strName=Joan, strLastName=Gutierrez, strEmail=joan.alexis.10@gmail.com, month=June, day=12, year=1997, city=Cúcuta, postalCode=57001, country=Colombia, yourComputer=Windows, computerVersion=10, languaje=Spanish, yourMobile=Alcatel, modelMobile=MD01, operatingSystem=Android 2.0, password=Alexis0612*, confirmPassowrd=Alexis0612*} [Given The user clicks and to start the registration
| strName | strLastName | strEmail | month | day | year | city | postalCode | country |
| Joan | Gutierrez | joan.alexis.10@gmail.com | June | 12 | 1997 | Cúcuta | 57001 | Colombia | [Usuario open up [usuario opens the Utest page], Usuario step1 [usuario clicks on button that us the form to login, usuario enters 'Joan' into let's type the name, usuario enters 'Gutierrez' into let's type the lastname, usuario enters 'joan.alexis.10@gmail.com' into let's type the email, usuario select June on let's type a month, usuario select 12 on let's type a day, usuario select 1997 on let's type a day, usuario clicks on let's type a day], Usuario step2 [usuario enters 'Cúcuta' into let's type a city, usuario enters '57001' into let's type a postal code, usuario clicks on let clikc on div, usuario clicks on let's type a country, usuario clicks on let's type a day]], When Start filling in the data
| yourComputer | computerVersion | languaje | yourMobile | modelMobile | operatingSystem |
| Windows | 10 | Spanish | Alcatel | MD01 | Android 2.0 | [Usuario step3 [usuario clicks on let clikc on div, usuario clicks on let's type a computer, usuario clicks on let clikc on div, usuario clicks on let's type a version, usuario clicks on let clikc on div, usuario clicks on let's type a languaje]]]
[Test worker] WARN net.thucydides.core.steps.BaseStepListener - stepStarted: net.thucydides.core.steps.ExecutedStepDescription@706964c9
[Test worker] WARN net.thucydides.core.steps.BaseStepListener - stepFinished: current outcome:Look for the Join Today button:Example: {strName=Joan, strLastName=Gutierrez, strEmail=joan.alexis.10@gmail.com, month=June, day=12, year=1997, city=Cúcuta, postalCode=57001, country=Colombia, yourComputer=Windows, computerVersion=10, languaje=Spanish, yourMobile=Alcatel, modelMobile=MD01, operatingSystem=Android 2.0, password=Alexis0612*, confirmPassowrd=Alexis0612*} [Given The user clicks and to start the registration
| strName | strLastName | strEmail | month | day | year | city | postalCode | country |
| Joan | Gutierrez | joan.alexis.10@gmail.com | June | 12 | 1997 | Cúcuta | 57001 | Colombia | [Usuario open up [usuario opens the Utest page], Usuario step1 [usuario clicks on button that us the form to login, usuario enters 'Joan' into let's type the name, usuario enters 'Gutierrez' into let's type the lastname, usuario enters 'joan.alexis.10@gmail.com' into let's type the email, usuario select June on let's type a month, usuario select 12 on let's type a day, usuario select 1997 on let's type a day, usuario clicks on let's type a day], Usuario step2 [usuario enters 'Cúcuta' into let's type a city, usuario enters '57001' into let's type a postal code, usuario clicks on let clikc on div, usuario clicks on let's type a country, usuario clicks on let's type a day]], When Start filling in the data
| yourComputer | computerVersion | languaje | yourMobile | modelMobile | operatingSystem |
| Windows | 10 | Spanish | Alcatel | MD01 | Android 2.0 | [Usuario step3 [usuario clicks on let clikc on div, usuario clicks on let's type a computer, usuario clicks on let clikc on div, usuario clicks on let's type a version, usuario clicks on let clikc on div, usuario clicks on let's type a languaje, usuario clicks on let clikc on div]]]
[Test worker] WARN net.thucydides.core.steps.BaseStepListener - stepStarted: net.thucydides.core.steps.ExecutedStepDescription@6591dc1b
[Test worker] WARN net.thucydides.core.steps.BaseStepListener - stepFinished: current outcome:Look for the Join Today button:Example: {strName=Joan, strLastName=Gutierrez, strEmail=joan.alexis.10@gmail.com, month=June, day=12, year=1997, city=Cúcuta, postalCode=57001, country=Colombia, yourComputer=Windows, computerVersion=10, languaje=Spanish, yourMobile=Alcatel, modelMobile=MD01, operatingSystem=Android 2.0, password=Alexis0612*, confirmPassowrd=Alexis0612*} [Given The user clicks and to start the registration
| strName | strLastName | strEmail | month | day | year | city | postalCode | country |
| Joan | Gutierrez | joan.alexis.10@gmail.com | June | 12 | 1997 | Cúcuta | 57001 | Colombia | [Usuario open up [usuario opens the Utest page], Usuario step1 [usuario clicks on button that us the form to login, usuario enters 'Joan' into let's type the name, usuario enters 'Gutierrez' into let's type the lastname, usuario enters 'joan.alexis.10@gmail.com' into let's type the email, usuario select June on let's type a month, usuario select 12 on let's type a day, usuario select 1997 on let's type a day, usuario clicks on let's type a day], Usuario step2 [usuario enters 'Cúcuta' into let's type a city, usuario enters '57001' into let's type a postal code, usuario clicks on let clikc on div, usuario clicks on let's type a country, usuario clicks on let's type a day]], When Start filling in the data
| yourComputer | computerVersion | languaje | yourMobile | modelMobile | operatingSystem |
| Windows | 10 | Spanish | Alcatel | MD01 | Android 2.0 | [Usuario step3 [usuario clicks on let clikc on div, usuario clicks on let's type a computer, usuario clicks on let clikc on div, usuario clicks on let's type a version, usuario clicks on let clikc on div, usuario clicks on let's type a languaje, usuario clicks on let clikc on div, usuario clicks on let's type a mobile]]]
[Test worker] WARN net.thucydides.core.steps.BaseStepListener - stepStarted: net.thucydides.core.steps.ExecutedStepDescription@1fc862da
[Test worker] WARN net.thucydides.core.steps.BaseStepListener - stepFinished: current outcome:Look for the Join Today button:Example: {strName=Joan, strLastName=Gutierrez, strEmail=joan.alexis.10@gmail.com, month=June, day=12, year=1997, city=Cúcuta, postalCode=57001, country=Colombia, yourComputer=Windows, computerVersion=10, languaje=Spanish, yourMobile=Alcatel, modelMobile=MD01, operatingSystem=Android 2.0, password=Alexis0612*, confirmPassowrd=Alexis0612*} [Given The user clicks and to start the registration
| strName | strLastName | strEmail | month | day | year | city | postalCode | country |
| Joan | Gutierrez | joan.alexis.10@gmail.com | June | 12 | 1997 | Cúcuta | 57001 | Colombia | [Usuario open up [usuario opens the Utest page], Usuario step1 [usuario clicks on button that us the form to login, usuario enters 'Joan' into let's type the name, usuario enters 'Gutierrez' into let's type the lastname, usuario enters 'joan.alexis.10@gmail.com' into let's type the email, usuario select June on let's type a month, usuario select 12 on let's type a day, usuario select 1997 on let's type a day, usuario clicks on let's type a day], Usuario step2 [usuario enters 'Cúcuta' into let's type a city, usuario enters '57001' into let's type a postal code, usuario clicks on let clikc on div, usuario clicks on let's type a country, usuario clicks on let's type a day]], When Start filling in the data
| yourComputer | computerVersion | languaje | yourMobile | modelMobile | operatingSystem |
| Windows | 10 | Spanish | Alcatel | MD01 | Android 2.0 | [Usuario step3 [usuario clicks on let clikc on div, usuario clicks on let's type a computer, usuario clicks on let clikc on div, usuario clicks on let's type a version, usuario clicks on let clikc on div, usuario clicks on let's type a languaje, usuario clicks on let clikc on div, usuario clicks on let's type a mobile, usuario clicks on let clikc on div]]]
[Test worker] WARN net.thucydides.core.steps.BaseStepListener - stepStarted: net.thucydides.core.steps.ExecutedStepDescription@7e61e43d
[Test worker] WARN net.thucydides.core.steps.BaseStepListener - stepFinished: current outcome:Look for the Join Today button:Example: {strName=Joan, strLastName=Gutierrez, strEmail=joan.alexis.10@gmail.com, month=June, day=12, year=1997, city=Cúcuta, postalCode=57001, country=Colombia, yourComputer=Windows, computerVersion=10, languaje=Spanish, yourMobile=Alcatel, modelMobile=MD01, operatingSystem=Android 2.0, password=Alexis0612*, confirmPassowrd=Alexis0612*} [Given The user clicks and to start the registration
| strName | strLastName | strEmail | month | day | year | city | postalCode | country |
| Joan | Gutierrez | joan.alexis.10@gmail.com | June | 12 | 1997 | Cúcuta | 57001 | Colombia | [Usuario open up [usuario opens the Utest page], Usuario step1 [usuario clicks on button that us the form to login, usuario enters 'Joan' into let's type the name, usuario enters 'Gutierrez' into let's type the lastname, usuario enters 'joan.alexis.10@gmail.com' into let's type the email, usuario select June on let's type a month, usuario select 12 on let's type a day, usuario select 1997 on let's type a day, usuario clicks on let's type a day], Usuario step2 [usuario enters 'Cúcuta' into let's type a city, usuario enters '57001' into let's type a postal code, usuario clicks on let clikc on div, usuario clicks on let's type a country, usuario clicks on let's type a day]], When Start filling in the data
| yourComputer | computerVersion | languaje | yourMobile | modelMobile | operatingSystem |
| Windows | 10 | Spanish | Alcatel | MD01 | Android 2.0 | [Usuario step3 [usuario clicks on let clikc on div, usuario clicks on let's type a computer, usuario clicks on let clikc on div, usuario clicks on let's type a version, usuario clicks on let clikc on div, usuario clicks on let's type a languaje, usuario clicks on let clikc on div, usuario clicks on let's type a mobile, usuario clicks on let clikc on div, usuario clicks on let's type a modelo]]]
[Test worker] WARN net.thucydides.core.steps.BaseStepListener - stepStarted: net.thucydides.core.steps.ExecutedStepDescription@4d344e15
[Test worker] WARN net.thucydides.core.steps.BaseStepListener - stepFinished: current outcome:Look for the Join Today button:Example: {strName=Joan, strLastName=Gutierrez, strEmail=joan.alexis.10@gmail.com, month=June, day=12, year=1997, city=Cúcuta, postalCode=57001, country=Colombia, yourComputer=Windows, computerVersion=10, languaje=Spanish, yourMobile=Alcatel, modelMobile=MD01, operatingSystem=Android 2.0, password=Alexis0612*, confirmPassowrd=Alexis0612*} [Given The user clicks and to start the registration
| strName | strLastName | strEmail | month | day | year | city | postalCode | country |
| Joan | Gutierrez | joan.alexis.10@gmail.com | June | 12 | 1997 | Cúcuta | 57001 | Colombia | [Usuario open up [usuario opens the Utest page], Usuario step1 [usuario clicks on button that us the form to login, usuario enters 'Joan' into let's type the name, usuario enters 'Gutierrez' into let's type the lastname, usuario enters 'joan.alexis.10@gmail.com' into let's type the email, usuario select June on let's type a month, usuario select 12 on let's type a day, usuario select 1997 on let's type a day, usuario clicks on let's type a day], Usuario step2 [usuario enters 'Cúcuta' into let's type a city, usuario enters '57001' into let's type a postal code, usuario clicks on let clikc on div, usuario clicks on let's type a country, usuario clicks on let's type a day]], When Start filling in the data
| yourComputer | computerVersion | languaje | yourMobile | modelMobile | operatingSystem |
| Windows | 10 | Spanish | Alcatel | MD01 | Android 2.0 | [Usuario step3 [usuario clicks on let clikc on div, usuario clicks on let's type a computer, usuario clicks on let clikc on div, usuario clicks on let's type a version, usuario clicks on let clikc on div, usuario clicks on let's type a languaje, usuario clicks on let clikc on div, usuario clicks on let's type a mobile, usuario clicks on let clikc on div, usuario clicks on let's type a modelo, usuario clicks on let clikc on div]]]
[Test worker] WARN net.thucydides.core.steps.BaseStepListener - stepStarted: net.thucydides.core.steps.ExecutedStepDescription@8f79f5
[Test worker] WARN net.thucydides.core.steps.BaseStepListener - stepFinished: current outcome:Look for the Join Today button:Example: {strName=Joan, strLastName=Gutierrez, strEmail=joan.alexis.10@gmail.com, month=June, day=12, year=1997, city=Cúcuta, postalCode=57001, country=Colombia, yourComputer=Windows, computerVersion=10, languaje=Spanish, yourMobile=Alcatel, modelMobile=MD01, operatingSystem=Android 2.0, password=Alexis0612*, confirmPassowrd=Alexis0612*} [Given The user clicks and to start the registration
| strName | strLastName | strEmail | month | day | year | city | postalCode | country |
| Joan | Gutierrez | joan.alexis.10@gmail.com | June | 12 | 1997 | Cúcuta | 57001 | Colombia | [Usuario open up [usuario opens the Utest page], Usuario step1 [usuario clicks on button that us the form to login, usuario enters 'Joan' into let's type the name, usuario enters 'Gutierrez' into let's type the lastname, usuario enters 'joan.alexis.10@gmail.com' into let's type the email, usuario select June on let's type a month, usuario select 12 on let's type a day, usuario select 1997 on let's type a day, usuario clicks on let's type a day], Usuario step2 [usuario enters 'Cúcuta' into let's type a city, usuario enters '57001' into let's type a postal code, usuario clicks on let clikc on div, usuario clicks on let's type a country, usuario clicks on let's type a day]], When Start filling in the data
| yourComputer | computerVersion | languaje | yourMobile | modelMobile | operatingSystem |
| Windows | 10 | Spanish | Alcatel | MD01 | Android 2.0 | [Usuario step3 [usuario clicks on let clikc on div, usuario clicks on let's type a computer, usuario clicks on let clikc on div, usuario clicks on let's type a version, usuario clicks on let clikc on div, usuario clicks on let's type a languaje, usuario clicks on let clikc on div, usuario clicks on let's type a mobile, usuario clicks on let clikc on div, usuario clicks on let's type a modelo, usuario clicks on let clikc on div, usuario clicks on let's type a SO]]]
[Test worker] WARN net.thucydides.core.steps.BaseStepListener - stepStarted: net.thucydides.core.steps.ExecutedStepDescription@71a6d0eb
[Test worker] WARN net.thucydides.core.steps.BaseStepListener - stepFinished: current outcome:Look for the Join Today button:Example: {strName=Joan, strLastName=Gutierrez, strEmail=joan.alexis.10@gmail.com, month=June, day=12, year=1997, city=Cúcuta, postalCode=57001, country=Colombia, yourComputer=Windows, computerVersion=10, languaje=Spanish, yourMobile=Alcatel, modelMobile=MD01, operatingSystem=Android 2.0, password=Alexis0612*, confirmPassowrd=Alexis0612*} [Given The user clicks and to start the registration
| strName | strLastName | strEmail | month | day | year | city | postalCode | country |
| Joan | Gutierrez | joan.alexis.10@gmail.com | June | 12 | 1997 | Cúcuta | 57001 | Colombia | [Usuario open up [usuario opens the Utest page], Usuario step1 [usuario clicks on button that us the form to login, usuario enters 'Joan' into let's type the name, usuario enters 'Gutierrez' into let's type the lastname, usuario enters 'joan.alexis.10@gmail.com' into let's type the email, usuario select June on let's type a month, usuario select 12 on let's type a day, usuario select 1997 on let's type a day, usuario clicks on let's type a day], Usuario step2 [usuario enters 'Cúcuta' into let's type a city, usuario enters '57001' into let's type a postal code, usuario clicks on let clikc on div, usuario clicks on let's type a country, usuario clicks on let's type a day]], When Start filling in the data
| yourComputer | computerVersion | languaje | yourMobile | modelMobile | operatingSystem |
| Windows | 10 | Spanish | Alcatel | MD01 | Android 2.0 | [Usuario step3 [usuario clicks on let clikc on div, usuario clicks on let's type a computer, usuario clicks on let clikc on div, usuario clicks on let's type a version, usuario clicks on let clikc on div, usuario clicks on let's type a languaje, usuario clicks on let clikc on div, usuario clicks on let's type a mobile, usuario clicks on let clikc on div, usuario clicks on let's type a modelo, usuario clicks on let clikc on div, usuario clicks on let's type a SO, usuario clicks on let's type a day]]]
[Test worker] WARN net.thucydides.core.steps.BaseStepListener - stepFinished: current outcome:Look for the Join Today button:Example: {strName=Joan, strLastName=Gutierrez, strEmail=joan.alexis.10@gmail.com, month=June, day=12, year=1997, city=Cúcuta, postalCode=57001, country=Colombia, yourComputer=Windows, computerVersion=10, languaje=Spanish, yourMobile=Alcatel, modelMobile=MD01, operatingSystem=Android 2.0, password=Alexis0612*, confirmPassowrd=Alexis0612*} [Given The user clicks and to start the registration
| strName | strLastName | strEmail | month | day | year | city | postalCode | country |
| Joan | Gutierrez | joan.alexis.10@gmail.com | June | 12 | 1997 | Cúcuta | 57001 | Colombia | [Usuario open up [usuario opens the Utest page], Usuario step1 [usuario clicks on button that us the form to login, usuario enters 'Joan' into let's type the name, usuario enters 'Gutierrez' into let's type the lastname, usuario enters 'joan.alexis.10@gmail.com' into let's type the email, usuario select June on let's type a month, usuario select 12 on let's type a day, usuario select 1997 on let's type a day, usuario clicks on let's type a day], Usuario step2 [usuario enters 'Cúcuta' into let's type a city, usuario enters '57001' into let's type a postal code, usuario clicks on let clikc on div, usuario clicks on let's type a country, usuario clicks on let's type a day]], When Start filling in the data
| yourComputer | computerVersion | languaje | yourMobile | modelMobile | operatingSystem |
| Windows | 10 | Spanish | Alcatel | MD01 | Android 2.0 | [Usuario step3 [usuario clicks on let clikc on div, usuario clicks on let's type a computer, usuario clicks on let clikc on div, usuario clicks on let's type a version, usuario clicks on let clikc on div, usuario clicks on let's type a languaje, usuario clicks on let clikc on div, usuario clicks on let's type a mobile, usuario clicks on let clikc on div, usuario clicks on let's type a modelo, usuario clicks on let clikc on div, usuario clicks on let's type a SO, usuario clicks on let's type a day]]]
[Test worker] WARN net.thucydides.core.steps.BaseStepListener - stepFinished: current outcome:Look for the Join Today button:Example: {strName=Joan, strLastName=Gutierrez, strEmail=joan.alexis.10@gmail.com, month=June, day=12, year=1997, city=Cúcuta, postalCode=57001, country=Colombia, yourComputer=Windows, computerVersion=10, languaje=Spanish, yourMobile=Alcatel, modelMobile=MD01, operatingSystem=Android 2.0, password=Alexis0612*, confirmPassowrd=Alexis0612*} [Given The user clicks and to start the registration
| strName | strLastName | strEmail | month | day | year | city | postalCode | country |
| Joan | Gutierrez | joan.alexis.10@gmail.com | June | 12 | 1997 | Cúcuta | 57001 | Colombia | [Usuario open up [usuario opens the Utest page], Usuario step1 [usuario clicks on button that us the form to login, usuario enters 'Joan' into let's type the name, usuario enters 'Gutierrez' into let's type the lastname, usuario enters 'joan.alexis.10@gmail.com' into let's type the email, usuario select June on let's type a month, usuario select 12 on let's type a day, usuario select 1997 on let's type a day, usuario clicks on let's type a day], Usuario step2 [usuario enters 'Cúcuta' into let's type a city, usuario enters '57001' into let's type a postal code, usuario clicks on let clikc on div, usuario clicks on let's type a country, usuario clicks on let's type a day]], When Start filling in the data
| yourComputer | computerVersion | languaje | yourMobile | modelMobile | operatingSystem |
| Windows | 10 | Spanish | Alcatel | MD01 | Android 2.0 | [Usuario step3 [usuario clicks on let clikc on div, usuario clicks on let's type a computer, usuario clicks on let clikc on div, usuario clicks on let's type a version, usuario clicks on let clikc on div, usuario clicks on let's type a languaje, usuario clicks on let clikc on div, usuario clicks on let's type a mobile, usuario clicks on let clikc on div, usuario clicks on let's type a modelo, usuario clicks on let clikc on div, usuario clicks on let's type a SO, usuario clicks on let's type a day]]]
[Test worker] WARN net.thucydides.core.steps.BaseStepListener - stepStarted: net.thucydides.core.steps.ExecutedStepDescription@5e08512e
[Test worker] WARN net.thucydides.core.steps.BaseStepListener - stepStarted: net.thucydides.core.steps.ExecutedStepDescription@7b1744a3
[Test worker] WARN net.thucydides.core.steps.BaseStepListener - stepStarted: net.thucydides.core.steps.ExecutedStepDescription@72fee9ec
[Test worker] WARN net.thucydides.core.steps.BaseStepListener - stepFinished: current outcome:Look for the Join Today button:Example: {strName=Joan, strLastName=Gutierrez, strEmail=joan.alexis.10@gmail.com, month=June, day=12, year=1997, city=Cúcuta, postalCode=57001, country=Colombia, yourComputer=Windows, computerVersion=10, languaje=Spanish, yourMobile=Alcatel, modelMobile=MD01, operatingSystem=Android 2.0, password=Alexis0612*, confirmPassowrd=Alexis0612*} [Given The user clicks and to start the registration
| strName | strLastName | strEmail | month | day | year | city | postalCode | country |
| Joan | Gutierrez | joan.alexis.10@gmail.com | June | 12 | 1997 | Cúcuta | 57001 | Colombia | [Usuario open up [usuario opens the Utest page], Usuario step1 [usuario clicks on button that us the form to login, usuario enters 'Joan' into let's type the name, usuario enters 'Gutierrez' into let's type the lastname, usuario enters 'joan.alexis.10@gmail.com' into let's type the email, usuario select June on let's type a month, usuario select 12 on let's type a day, usuario select 1997 on let's type a day, usuario clicks on let's type a day], Usuario step2 [usuario enters 'Cúcuta' into let's type a city, usuario enters '57001' into let's type a postal code, usuario clicks on let clikc on div, usuario clicks on let's type a country, usuario clicks on let's type a day]], When Start filling in the data
| yourComputer | computerVersion | languaje | yourMobile | modelMobile | operatingSystem |
| Windows | 10 | Spanish | Alcatel | MD01 | Android 2.0 | [Usuario step3 [usuario clicks on let clikc on div, usuario clicks on let's type a computer, usuario clicks on let clikc on div, usuario clicks on let's type a version, usuario clicks on let clikc on div, usuario clicks on let's type a languaje, usuario clicks on let clikc on div, usuario clicks on let's type a mobile, usuario clicks on let clikc on div, usuario clicks on let's type a modelo, usuario clicks on let clikc on div, usuario clicks on let's type a SO, usuario clicks on let's type a day]], Then The user finishes filling in the data and sends the form
| password | confirmPassowrd |
| Alexis0612* | Alexis0612* | [Usuario step4 [usuario enters 'Alexis0612*' into let's type a password]]]
[Test worker] WARN net.thucydides.core.steps.BaseStepListener - stepStarted: net.thucydides.core.steps.ExecutedStepDescription@2e10aa26
[Test worker] WARN net.thucydides.core.steps.BaseStepListener - stepFinished: current outcome:Look for the Join Today button:Example: {strName=Joan, strLastName=Gutierrez, strEmail=joan.alexis.10@gmail.com, month=June, day=12, year=1997, city=Cúcuta, postalCode=57001, country=Colombia, yourComputer=Windows, computerVersion=10, languaje=Spanish, yourMobile=Alcatel, modelMobile=MD01, operatingSystem=Android 2.0, password=Alexis0612*, confirmPassowrd=Alexis0612*} [Given The user clicks and to start the registration
| strName | strLastName | strEmail | month | day | year | city | postalCode | country |
| Joan | Gutierrez | joan.alexis.10@gmail.com | June | 12 | 1997 | Cúcuta | 57001 | Colombia | [Usuario open up [usuario opens the Utest page], Usuario step1 [usuario clicks on button that us the form to login, usuario enters 'Joan' into let's type the name, usuario enters 'Gutierrez' into let's type the lastname, usuario enters 'joan.alexis.10@gmail.com' into let's type the email, usuario select June on let's type a month, usuario select 12 on let's type a day, usuario select 1997 on let's type a day, usuario clicks on let's type a day], Usuario step2 [usuario enters 'Cúcuta' into let's type a city, usuario enters '57001' into let's type a postal code, usuario clicks on let clikc on div, usuario clicks on let's type a country, usuario clicks on let's type a day]], When Start filling in the data
| yourComputer | computerVersion | languaje | yourMobile | modelMobile | operatingSystem |
| Windows | 10 | Spanish | Alcatel | MD01 | Android 2.0 | [Usuario step3 [usuario clicks on let clikc on div, usuario clicks on let's type a computer, usuario clicks on let clikc on div, usuario clicks on let's type a version, usuario clicks on let clikc on div, usuario clicks on let's type a languaje, usuario clicks on let clikc on div, usuario clicks on let's type a mobile, usuario clicks on let clikc on div, usuario clicks on let's type a modelo, usuario clicks on let clikc on div, usuario clicks on let's type a SO, usuario clicks on let's type a day]], Then The user finishes filling in the data and sends the form
| password | confirmPassowrd |
| Alexis0612* | Alexis0612* | [Usuario step4 [usuario enters 'Alexis0612*' into let's type a password, usuario enters 'Alexis0612*' into let's type a password]]]
[Test worker] WARN net.thucydides.core.steps.BaseStepListener - stepStarted: net.thucydides.core.steps.ExecutedStepDescription@21f0ee43
[Test worker] WARN net.thucydides.core.steps.BaseStepListener - stepFinished: current outcome:Look for the Join Today button:Example: {strName=Joan, strLastName=Gutierrez, strEmail=joan.alexis.10@gmail.com, month=June, day=12, year=1997, city=Cúcuta, postalCode=57001, country=Colombia, yourComputer=Windows, computerVersion=10, languaje=Spanish, yourMobile=Alcatel, modelMobile=MD01, operatingSystem=Android 2.0, password=Alexis0612*, confirmPassowrd=Alexis0612*} [Given The user clicks and to start the registration
| strName | strLastName | strEmail | month | day | year | city | postalCode | country |
| Joan | Gutierrez | joan.alexis.10@gmail.com | June | 12 | 1997 | Cúcuta | 57001 | Colombia | [Usuario open up [usuario opens the Utest page], Usuario step1 [usuario clicks on button that us the form to login, usuario enters 'Joan' into let's type the name, usuario enters 'Gutierrez' into let's type the lastname, usuario enters 'joan.alexis.10@gmail.com' into let's type the email, usuario select June on let's type a month, usuario select 12 on let's type a day, usuario select 1997 on let's type a day, usuario clicks on let's type a day], Usuario step2 [usuario enters 'Cúcuta' into let's type a city, usuario enters '57001' into let's type a postal code, usuario clicks on let clikc on div, usuario clicks on let's type a country, usuario clicks on let's type a day]], When Start filling in the data
| yourComputer | computerVersion | languaje | yourMobile | modelMobile | operatingSystem |
| Windows | 10 | Spanish | Alcatel | MD01 | Android 2.0 | [Usuario step3 [usuario clicks on let clikc on div, usuario clicks on let's type a computer, usuario clicks on let clikc on div, usuario clicks on let's type a version, usuario clicks on let clikc on div, usuario clicks on let's type a languaje, usuario clicks on let clikc on div, usuario clicks on let's type a mobile, usuario clicks on let clikc on div, usuario clicks on let's type a modelo, usuario clicks on let clikc on div, usuario clicks on let's type a SO, usuario clicks on let's type a day]], Then The user finishes filling in the data and sends the form
| password | confirmPassowrd |
| Alexis0612* | Alexis0612* | [Usuario step4 [usuario enters 'Alexis0612*' into let's type a password, usuario enters 'Alexis0612*' into let's type a password, usuario clicks on letÂ´s clic a checkbox1]]]
[Test worker] WARN net.thucydides.core.steps.BaseStepListener - stepStarted: net.thucydides.core.steps.ExecutedStepDescription@58776687
[Test worker] WARN net.thucydides.core.steps.BaseStepListener - stepFinished: current outcome:Look for the Join Today button:Example: {strName=Joan, strLastName=Gutierrez, strEmail=joan.alexis.10@gmail.com, month=June, day=12, year=1997, city=Cúcuta, postalCode=57001, country=Colombia, yourComputer=Windows, computerVersion=10, languaje=Spanish, yourMobile=Alcatel, modelMobile=MD01, operatingSystem=Android 2.0, password=Alexis0612*, confirmPassowrd=Alexis0612*} [Given The user clicks and to start the registration
| strName | strLastName | strEmail | month | day | year | city | postalCode | country |
| Joan | Gutierrez | joan.alexis.10@gmail.com | June | 12 | 1997 | Cúcuta | 57001 | Colombia | [Usuario open up [usuario opens the Utest page], Usuario step1 [usuario clicks on button that us the form to login, usuario enters 'Joan' into let's type the name, usuario enters 'Gutierrez' into let's type the lastname, usuario enters 'joan.alexis.10@gmail.com' into let's type the email, usuario select June on let's type a month, usuario select 12 on let's type a day, usuario select 1997 on let's type a day, usuario clicks on let's type a day], Usuario step2 [usuario enters 'Cúcuta' into let's type a city, usuario enters '57001' into let's type a postal code, usuario clicks on let clikc on div, usuario clicks on let's type a country, usuario clicks on let's type a day]], When Start filling in the data
| yourComputer | computerVersion | languaje | yourMobile | modelMobile | operatingSystem |
| Windows | 10 | Spanish | Alcatel | MD01 | Android 2.0 | [Usuario step3 [usuario clicks on let clikc on div, usuario clicks on let's type a computer, usuario clicks on let clikc on div, usuario clicks on let's type a version, usuario clicks on let clikc on div, usuario clicks on let's type a languaje, usuario clicks on let clikc on div, usuario clicks on let's type a mobile, usuario clicks on let clikc on div, usuario clicks on let's type a modelo, usuario clicks on let clikc on div, usuario clicks on let's type a SO, usuario clicks on let's type a day]], Then The user finishes filling in the data and sends the form
| password | confirmPassowrd |
| Alexis0612* | Alexis0612* | [Usuario step4 [usuario enters 'Alexis0612*' into let's type a password, usuario enters 'Alexis0612*' into let's type a password, usuario clicks on letÂ´s clic a checkbox1, usuario clicks on letÂ´s clic a checkbox1]]]
[Test worker] WARN net.thucydides.core.steps.BaseStepListener - stepStarted: net.thucydides.core.steps.ExecutedStepDescription@725c8cb6
[Test worker] WARN net.thucydides.core.steps.BaseStepListener - stepFinished: current outcome:Look for the Join Today button:Example: {strName=Joan, strLastName=Gutierrez, strEmail=joan.alexis.10@gmail.com, month=June, day=12, year=1997, city=Cúcuta, postalCode=57001, country=Colombia, yourComputer=Windows, computerVersion=10, languaje=Spanish, yourMobile=Alcatel, modelMobile=MD01, operatingSystem=Android 2.0, password=Alexis0612*, confirmPassowrd=Alexis0612*} [Given The user clicks and to start the registration
| strName | strLastName | strEmail | month | day | year | city | postalCode | country |
| Joan | Gutierrez | joan.alexis.10@gmail.com | June | 12 | 1997 | Cúcuta | 57001 | Colombia | [Usuario open up [usuario opens the Utest page], Usuario step1 [usuario clicks on button that us the form to login, usuario enters 'Joan' into let's type the name, usuario enters 'Gutierrez' into let's type the lastname, usuario enters 'joan.alexis.10@gmail.com' into let's type the email, usuario select June on let's type a month, usuario select 12 on let's type a day, usuario select 1997 on let's type a day, usuario clicks on let's type a day], Usuario step2 [usuario enters 'Cúcuta' into let's type a city, usuario enters '57001' into let's type a postal code, usuario clicks on let clikc on div, usuario clicks on let's type a country, usuario clicks on let's type a day]], When Start filling in the data
| yourComputer | computerVersion | languaje | yourMobile | modelMobile | operatingSystem |
| Windows | 10 | Spanish | Alcatel | MD01 | Android 2.0 | [Usuario step3 [usuario clicks on let clikc on div, usuario clicks on let's type a computer, usuario clicks on let clikc on div, usuario clicks on let's type a version, usuario clicks on let clikc on div, usuario clicks on let's type a languaje, usuario clicks on let clikc on div, usuario clicks on let's type a mobile, usuario clicks on let clikc on div, usuario clicks on let's type a modelo, usuario clicks on let clikc on div, usuario clicks on let's type a SO, usuario clicks on let's type a day]], Then The user finishes filling in the data and sends the form
| password | confirmPassowrd |
| Alexis0612* | Alexis0612* | [Usuario step4 [usuario enters 'Alexis0612*' into let's type a password, usuario enters 'Alexis0612*' into let's type a password, usuario clicks on letÂ´s clic a checkbox1, usuario clicks on letÂ´s clic a checkbox1, usuario clicks on letÂ´s clic a checkbox1]]]
[Test worker] WARN net.thucydides.core.steps.BaseStepListener - stepStarted: net.thucydides.core.steps.ExecutedStepDescription@2296fc47
[Test worker] WARN net.thucydides.core.steps.BaseStepListener - stepFinished: current outcome:Look for the Join Today button:Example: {strName=Joan, strLastName=Gutierrez, strEmail=joan.alexis.10@gmail.com, month=June, day=12, year=1997, city=Cúcuta, postalCode=57001, country=Colombia, yourComputer=Windows, computerVersion=10, languaje=Spanish, yourMobile=Alcatel, modelMobile=MD01, operatingSystem=Android 2.0, password=Alexis0612*, confirmPassowrd=Alexis0612*} [Given The user clicks and to start the registration
| strName | strLastName | strEmail | month | day | year | city | postalCode | country |
| Joan | Gutierrez | joan.alexis.10@gmail.com | June | 12 | 1997 | Cúcuta | 57001 | Colombia | [Usuario open up [usuario opens the Utest page], Usuario step1 [usuario clicks on button that us the form to login, usuario enters 'Joan' into let's type the name, usuario enters 'Gutierrez' into let's type the lastname, usuario enters 'joan.alexis.10@gmail.com' into let's type the email, usuario select June on let's type a month, usuario select 12 on let's type a day, usuario select 1997 on let's type a day, usuario clicks on let's type a day], Usuario step2 [usuario enters 'Cúcuta' into let's type a city, usuario enters '57001' into let's type a postal code, usuario clicks on let clikc on div, usuario clicks on let's type a country, usuario clicks on let's type a day]], When Start filling in the data
| yourComputer | computerVersion | languaje | yourMobile | modelMobile | operatingSystem |
| Windows | 10 | Spanish | Alcatel | MD01 | Android 2.0 | [Usuario step3 [usuario clicks on let clikc on div, usuario clicks on let's type a computer, usuario clicks on let clikc on div, usuario clicks on let's type a version, usuario clicks on let clikc on div, usuario clicks on let's type a languaje, usuario clicks on let clikc on div, usuario clicks on let's type a mobile, usuario clicks on let clikc on div, usuario clicks on let's type a modelo, usuario clicks on let clikc on div, usuario clicks on let's type a SO, usuario clicks on let's type a day]], Then The user finishes filling in the data and sends the form
| password | confirmPassowrd |
| Alexis0612* | Alexis0612* | [Usuario step4 [usuario enters 'Alexis0612*' into let's type a password, usuario enters 'Alexis0612*' into let's type a password, usuario clicks on letÂ´s clic a checkbox1, usuario clicks on letÂ´s clic a checkbox1, usuario clicks on letÂ´s clic a checkbox1, usuario clicks on Click on the button complete setup]]]
[Test worker] WARN net.thucydides.core.steps.BaseStepListener - stepFinished: current outcome:Look for the Join Today button:Example: {strName=Joan, strLastName=Gutierrez, strEmail=joan.alexis.10@gmail.com, month=June, day=12, year=1997, city=Cúcuta, postalCode=57001, country=Colombia, yourComputer=Windows, computerVersion=10, languaje=Spanish, yourMobile=Alcatel, modelMobile=MD01, operatingSystem=Android 2.0, password=Alexis0612*, confirmPassowrd=Alexis0612*} [Given The user clicks and to start the registration
| strName | strLastName | strEmail | month | day | year | city | postalCode | country |
| Joan | Gutierrez | joan.alexis.10@gmail.com | June | 12 | 1997 | Cúcuta | 57001 | Colombia | [Usuario open up [usuario opens the Utest page], Usuario step1 [usuario clicks on button that us the form to login, usuario enters 'Joan' into let's type the name, usuario enters 'Gutierrez' into let's type the lastname, usuario enters 'joan.alexis.10@gmail.com' into let's type the email, usuario select June on let's type a month, usuario select 12 on let's type a day, usuario select 1997 on let's type a day, usuario clicks on let's type a day], Usuario step2 [usuario enters 'Cúcuta' into let's type a city, usuario enters '57001' into let's type a postal code, usuario clicks on let clikc on div, usuario clicks on let's type a country, usuario clicks on let's type a day]], When Start filling in the data
| yourComputer | computerVersion | languaje | yourMobile | modelMobile | operatingSystem |
| Windows | 10 | Spanish | Alcatel | MD01 | Android 2.0 | [Usuario step3 [usuario clicks on let clikc on div, usuario clicks on let's type a computer, usuario clicks on let clikc on div, usuario clicks on let's type a version, usuario clicks on let clikc on div, usuario clicks on let's type a languaje, usuario clicks on let clikc on div, usuario clicks on let's type a mobile, usuario clicks on let clikc on div, usuario clicks on let's type a modelo, usuario clicks on let clikc on div, usuario clicks on let's type a SO, usuario clicks on let's type a day]], Then The user finishes filling in the data and sends the form
| password | confirmPassowrd |
| Alexis0612* | Alexis0612* | [Usuario step4 [usuario enters 'Alexis0612*' into let's type a password, usuario enters 'Alexis0612*' into let's type a password, usuario clicks on letÂ´s clic a checkbox1, usuario clicks on letÂ´s clic a checkbox1, usuario clicks on letÂ´s clic a checkbox1, usuario clicks on Click on the button complete setup]]]
[Test worker] WARN net.thucydides.core.steps.BaseStepListener - stepFinished: current outcome:Look for the Join Today button:Example: {strName=Joan, strLastName=Gutierrez, strEmail=joan.alexis.10@gmail.com, month=June, day=12, year=1997, city=Cúcuta, postalCode=57001, country=Colombia, yourComputer=Windows, computerVersion=10, languaje=Spanish, yourMobile=Alcatel, modelMobile=MD01, operatingSystem=Android 2.0, password=Alexis0612*, confirmPassowrd=Alexis0612*} [Given The user clicks and to start the registration
| strName | strLastName | strEmail | month | day | year | city | postalCode | country |
| Joan | Gutierrez | joan.alexis.10@gmail.com | June | 12 | 1997 | Cúcuta | 57001 | Colombia | [Usuario open up [usuario opens the Utest page], Usuario step1 [usuario clicks on button that us the form to login, usuario enters 'Joan' into let's type the name, usuario enters 'Gutierrez' into let's type the lastname, usuario enters 'joan.alexis.10@gmail.com' into let's type the email, usuario select June on let's type a month, usuario select 12 on let's type a day, usuario select 1997 on let's type a day, usuario clicks on let's type a day], Usuario step2 [usuario enters 'Cúcuta' into let's type a city, usuario enters '57001' into let's type a postal code, usuario clicks on let clikc on div, usuario clicks on let's type a country, usuario clicks on let's type a day]], When Start filling in the data
| yourComputer | computerVersion | languaje | yourMobile | modelMobile | operatingSystem |
| Windows | 10 | Spanish | Alcatel | MD01 | Android 2.0 | [Usuario step3 [usuario clicks on let clikc on div, usuario clicks on let's type a computer, usuario clicks on let clikc on div, usuario clicks on let's type a version, usuario clicks on let clikc on div, usuario clicks on let's type a languaje, usuario clicks on let clikc on div, usuario clicks on let's type a mobile, usuario clicks on let clikc on div, usuario clicks on let's type a modelo, usuario clicks on let clikc on div, usuario clicks on let's type a SO, usuario clicks on let's type a day]], Then The user finishes filling in the data and sends the form
| password | confirmPassowrd |
| Alexis0612* | Alexis0612* | [Usuario step4 [usuario enters 'Alexis0612*' into let's type a password, usuario enters 'Alexis0612*' into let's type a password, usuario clicks on letÂ´s clic a checkbox1, usuario clicks on letÂ´s clic a checkbox1, usuario clicks on letÂ´s clic a checkbox1, usuario clicks on Click on the button complete setup]]]
[Test worker] WARN net.thucydides.core.steps.BaseStepListener - stepFinished: current outcome:Look for the Join Today button:Example: {strName=Joan, strLastName=Gutierrez, strEmail=joan.alexis.10@gmail.com, month=June, day=12, year=1997, city=Cúcuta, postalCode=57001, country=Colombia, yourComputer=Windows, computerVersion=10, languaje=Spanish, yourMobile=Alcatel, modelMobile=MD01, operatingSystem=Android 2.0, password=Alexis0612*, confirmPassowrd=Alexis0612*} [Given The user clicks and to start the registration
| strName | strLastName | strEmail | month | day | year | city | postalCode | country |
| Joan | Gutierrez | joan.alexis.10@gmail.com | June | 12 | 1997 | Cúcuta | 57001 | Colombia | [Usuario open up [usuario opens the Utest page], Usuario step1 [usuario clicks on button that us the form to login, usuario enters 'Joan' into let's type the name, usuario enters 'Gutierrez' into let's type the lastname, usuario enters 'joan.alexis.10@gmail.com' into let's type the email, usuario select June on let's type a month, usuario select 12 on let's type a day, usuario select 1997 on let's type a day, usuario clicks on let's type a day], Usuario step2 [usuario enters 'Cúcuta' into let's type a city, usuario enters '57001' into let's type a postal code, usuario clicks on let clikc on div, usuario clicks on let's type a country, usuario clicks on let's type a day]], When Start filling in the data
| yourComputer | computerVersion | languaje | yourMobile | modelMobile | operatingSystem |
| Windows | 10 | Spanish | Alcatel | MD01 | Android 2.0 | [Usuario step3 [usuario clicks on let clikc on div, usuario clicks on let's type a computer, usuario clicks on let clikc on div, usuario clicks on let's type a version, usuario clicks on let clikc on div, usuario clicks on let's type a languaje, usuario clicks on let clikc on div, usuario clicks on let's type a mobile, usuario clicks on let clikc on div, usuario clicks on let's type a modelo, usuario clicks on let clikc on div, usuario clicks on let's type a SO, usuario clicks on let's type a day]], Then The user finishes filling in the data and sends the form
| password | confirmPassowrd |
| Alexis0612* | Alexis0612* | [Usuario step4 [usuario enters 'Alexis0612*' into let's type a password, usuario enters 'Alexis0612*' into let's type a password, usuario clicks on letÂ´s clic a checkbox1, usuario clicks on letÂ´s clic a checkbox1, usuario clicks on letÂ´s clic a checkbox1, usuario clicks on Click on the button complete setup]]]
[Test worker] WARN net.thucydides.core.steps.BaseStepListener - testFinished: Look for the Join Today button:Example: {strName=Joan, strLastName=Gutierrez, strEmail=joan.alexis.10@gmail.com, month=June, day=12, year=1997, city=Cúcuta, postalCode=57001, country=Colombia, yourComputer=Windows, computerVersion=10, languaje=Spanish, yourMobile=Alcatel, modelMobile=MD01, operatingSystem=Android 2.0, password=Alexis0612*, confirmPassowrd=Alexis0612*} [Given The user clicks and to start the registration
| strName | strLastName | strEmail | month | day | year | city | postalCode | country |
| Joan | Gutierrez | joan.alexis.10@gmail.com | June | 12 | 1997 | Cúcuta | 57001 | Colombia | [Usuario open up [usuario opens the Utest page], Usuario step1 [usuario clicks on button that us the form to login, usuario enters 'Joan' into let's type the name, usuario enters 'Gutierrez' into let's type the lastname, usuario enters 'joan.alexis.10@gmail.com' into let's type the email, usuario select June on let's type a month, usuario select 12 on let's type a day, usuario select 1997 on let's type a day, usuario clicks on let's type a day], Usuario step2 [usuario enters 'Cúcuta' into let's type a city, usuario enters '57001' into let's type a postal code, usuario clicks on let clikc on div, usuario clicks on let's type a country, usuario clicks on let's type a day]], When Start filling in the data
| yourComputer | computerVersion | languaje | yourMobile | modelMobile | operatingSystem |
| Windows | 10 | Spanish | Alcatel | MD01 | Android 2.0 | [Usuario step3 [usuario clicks on let clikc on div, usuario clicks on let's type a computer, usuario clicks on let clikc on div, usuario clicks on let's type a version, usuario clicks on let clikc on div, usuario clicks on let's type a languaje, usuario clicks on let clikc on div, usuario clicks on let's type a mobile, usuario clicks on let clikc on div, usuario clicks on let's type a modelo, usuario clicks on let clikc on div, usuario clicks on let's type a SO, usuario clicks on let's type a day]], Then The user finishes filling in the data and sends the form
| password | confirmPassowrd |
| Alexis0612* | Alexis0612* | [Usuario step4 [usuario enters 'Alexis0612*' into let's type a password, usuario enters 'Alexis0612*' into let's type a password, usuario clicks on letÂ´s clic a checkbox1, usuario clicks on letÂ´s clic a checkbox1, usuario clicks on letÂ´s clic a checkbox1, usuario clicks on Click on the button complete setup]]]
[Test worker] WARN net.thucydides.core.steps.BaseStepListener - TestOutcomes: [Look for the Join Today button:Example: {strName=Joan, strLastName=Gutierrez, strEmail=joan.alexis.10@gmail.com, month=June, day=12, year=1997, city=Cúcuta, postalCode=57001, country=Colombia, yourComputer=Windows, computerVersion=10, languaje=Spanish, yourMobile=Alcatel, modelMobile=MD01, operatingSystem=Android 2.0, password=Alexis0612*, confirmPassowrd=Alexis0612*} [Given The user clicks and to start the registration
| strName | strLastName | strEmail | month | day | year | city | postalCode | country |
| Joan | Gutierrez | joan.alexis.10@gmail.com | June | 12 | 1997 | Cúcuta | 57001 | Colombia | [Usuario open up [usuario opens the Utest page], Usuario step1 [usuario clicks on button that us the form to login, usuario enters 'Joan' into let's type the name, usuario enters 'Gutierrez' into let's type the lastname, usuario enters 'joan.alexis.10@gmail.com' into let's type the email, usuario select June on let's type a month, usuario select 12 on let's type a day, usuario select 1997 on let's type a day, usuario clicks on let's type a day], Usuario step2 [usuario enters 'Cúcuta' into let's type a city, usuario enters '57001' into let's type a postal code, usuario clicks on let clikc on div, usuario clicks on let's type a country, usuario clicks on let's type a day]], When Start filling in the data
| yourComputer | computerVersion | languaje | yourMobile | modelMobile | operatingSystem |
| Windows | 10 | Spanish | Alcatel | MD01 | Android 2.0 | [Usuario step3 [usuario clicks on let clikc on div, usuario clicks on let's type a computer, usuario clicks on let clikc on div, usuario clicks on let's type a version, usuario clicks on let clikc on div, usuario clicks on let's type a languaje, usuario clicks on let clikc on div, usuario clicks on let's type a mobile, usuario clicks on let clikc on div, usuario clicks on let's type a modelo, usuario clicks on let clikc on div, usuario clicks on let's type a SO, usuario clicks on let's type a day]], Then The user finishes filling in the data and sends the form
| password | confirmPassowrd |
| Alexis0612* | Alexis0612* | [Usuario step4 [usuario enters 'Alexis0612*' into let's type a password, usuario enters 'Alexis0612*' into let's type a password, usuario clicks on letÂ´s clic a checkbox1, usuario clicks on letÂ´s clic a checkbox1, usuario clicks on letÂ´s clic a checkbox1, usuario clicks on Click on the button complete setup]]]]
[Test worker] WARN net.thucydides.core.steps.BaseStepListener - Final testOutcomes: [Look for the Join Today button:Example: {strName=Joan, strLastName=Gutierrez, strEmail=joan.alexis.10@gmail.com, month=June, day=12, year=1997, city=Cúcuta, postalCode=57001, country=Colombia, yourComputer=Windows, computerVersion=10, languaje=Spanish, yourMobile=Alcatel, modelMobile=MD01, operatingSystem=Android 2.0, password=Alexis0612*, confirmPassowrd=Alexis0612*} [Given The user clicks and to start the registration
| strName | strLastName | strEmail | month | day | year | city | postalCode | country |
| Joan | Gutierrez | joan.alexis.10@gmail.com | June | 12 | 1997 | Cúcuta | 57001 | Colombia | [Usuario open up [usuario opens the Utest page], Usuario step1 [usuario clicks on button that us the form to login, usuario enters 'Joan' into let's type the name, usuario enters 'Gutierrez' into let's type the lastname, usuario enters 'joan.alexis.10@gmail.com' into let's type the email, usuario select June on let's type a month, usuario select 12 on let's type a day, usuario select 1997 on let's type a day, usuario clicks on let's type a day], Usuario step2 [usuario enters 'Cúcuta' into let's type a city, usuario enters '57001' into let's type a postal code, usuario clicks on let clikc on div, usuario clicks on let's type a country, usuario clicks on let's type a day]], When Start filling in the data
| yourComputer | computerVersion | languaje | yourMobile | modelMobile | operatingSystem |
| Windows | 10 | Spanish | Alcatel | MD01 | Android 2.0 | [Usuario step3 [usuario clicks on let clikc on div, usuario clicks on let's type a computer, usuario clicks on let clikc on div, usuario clicks on let's type a version, usuario clicks on let clikc on div, usuario clicks on let's type a languaje, usuario clicks on let clikc on div, usuario clicks on let's type a mobile, usuario clicks on let clikc on div, usuario clicks on let's type a modelo, usuario clicks on let clikc on div, usuario clicks on let's type a SO, usuario clicks on let's type a day]], Then The user finishes filling in the data and sends the form
| password | confirmPassowrd |
| Alexis0612* | Alexis0612* | [Usuario step4 [usuario enters 'Alexis0612*' into let's type a password, usuario enters 'Alexis0612*' into let's type a password, usuario clicks on letÂ´s clic a checkbox1, usuario clicks on letÂ´s clic a checkbox1, usuario clicks on letÂ´s clic a checkbox1, usuario clicks on Click on the button complete setup]]]]
[Test worker] INFO net.thucydides.core.steps.ConsoleLoggingListener - 
        __    _____ _____ ____ _____   ____   _    ____  ____  _____ ____  
  _     \ \  |_   _| ____/ ___|_   _| |  _ \ / \  / ___|/ ___|| ____|  _ \ 
 (_)_____| |   | | |  _| \___ \ | |   | |_) / _ \ \___ \\___ \|  _| | | | |
  _|_____| |   | | | |___ ___) || |   |  __/ ___ \ ___) |___) | |___| |_| |
 (_)     | |   |_| |_____|____/ |_|   |_| /_/   \_\____/|____/|_____|____/ 
        /_/                                                                

TEST PASSED: Look for the Join Today button
----------------------------------------------------------------------------
]]></system-err>
</testsuite>
